Arguments: 
  C:\Program Files\nodejs\node.exe C:\Users\ARTYOM\AppData\Roaming\npm\node_modules\yarn\bin\yarn.js add express

PATH: 
  C:\Program Files (x86)\Common Files\Oracle\Java\javapath;C:\Windows\system32;C:\Windows;C:\Windows\System32\Wbem;C:\Windows\System32\WindowsPowerShell\v1.0\;C:\Windows\System32\OpenSSH\;C:\Program Files (x86)\NVIDIA Corporation\PhysX\Common;C:\Program Files\Intel\WiFi\bin\;C:\Program Files\Common Files\Intel\WirelessCommon\;C:\Program Files (x86)\Common Files\Acronis\SnapAPI\;C:\Program Files (x86)\Common Files\Acronis\VirtualFile\;C:\Program Files (x86)\Common Files\Acronis\VirtualFile64\;C:\Program Files (x86)\Common Files\Acronis\FileProtector\;C:\Program Files (x86)\Common Files\Acronis\FileProtector64\;C:\WINDOWS\system32;C:\WINDOWS;C:\WINDOWS\System32\Wbem;C:\WINDOWS\System32\WindowsPowerShell\v1.0\;C:\WINDOWS\System32\OpenSSH\;C:\Program Files (x86)\Windows Kits\8.1\Windows Performance Toolkit\;C:\Program Files\Git\cmd;C:\Program Files\nodejs\;C:\Users\ARTYOM\AppData\Local\Programs\Python\Python310\Scripts\;C:\Users\ARTYOM\AppData\Local\Programs\Python\Python310\;C:\Users\ARTYOM\AppData\Local\Microsoft\WindowsApps;C:\Program Files\Intel\WiFi\bin\;C:\Program Files\Common Files\Intel\WirelessCommon\;C:\Users\ARTYOM\AppData\Local\Programs\Microsoft VS Code\bin;C:\Users\ARTYOM\AppData\Local\GitHubDesktop\bin;C:\Users\ARTYOM\AppData\Roaming\npm;C:\Program Files\JetBrains\WebStorm 2021.2.2\bin;

Yarn version: 
  1.22.19

Node version: 
  18.12.1

Platform: 
  win32 x64

Trace: 
  SyntaxError: C:\IT\Prog\Incubator\week_1\package.json: Unexpected token н in JSON at position 0
      at JSON.parse (<anonymous>)
      at C:\Users\ARTYOM\AppData\Roaming\npm\node_modules\yarn\lib\cli.js:1629:59
      at Generator.next (<anonymous>)
      at step (C:\Users\ARTYOM\AppData\Roaming\npm\node_modules\yarn\lib\cli.js:310:30)
      at C:\Users\ARTYOM\AppData\Roaming\npm\node_modules\yarn\lib\cli.js:321:13

npm manifest: 
  н{
    "name": "week_1",
    "version": "1.0.0",
    "main": "index.js",
    "license": "MIT"
  }

yarn manifest: 
  No manifest

Lockfile: 
  No lockfile
